# JRE version: Java(TM) SE Runtime Environment (8.0_05-b13) (build 1.8.0_05-b13)
# Java VM: Java HotSpot(TM) 64-Bit Server VM (25.5-b02 mixed mode linux-amd64 compressed oops)
Heap:
 PSYoungGen      total 155648K, used 148710K [0x0000000780000000, 0x000000078bc00000, 0x00000007c0000000)
  eden space 152576K, 95% used [0x0000000780000000,0x0000000788f059a8,0x0000000789500000)
  from space 3072K, 73% used [0x0000000789500000,0x00000007897341c0,0x0000000789800000)
  to   space 3072K, 0% used [0x000000078b900000,0x000000078b900000,0x000000078bc00000)
 ParOldGen       total 388096K, used 316908K [0x0000000700000000, 0x0000000717b00000, 0x0000000780000000)
  object space 388096K, 81% used [0x0000000700000000,0x000000071357b048,0x0000000717b00000)
 Metaspace       used 15587K, capacity 15674K, committed 16000K, reserved 1062912K
  class space    used 1807K, capacity 1847K, committed 1920K, reserved 1048576K
GC Heap History (10 events):
Event: 7.483 GC heap before
{Heap before GC invocations=43 (full 0):
 PSYoungGen      total 105472K, used 103456K [0x0000000780000000, 0x0000000786900000, 0x00000007c0000000)
  eden space 103424K, 100% used [0x0000000780000000,0x0000000786500000,0x0000000786500000)
  from space 2048K, 1% used [0x0000000786700000,0x0000000786708000,0x0000000786900000)
  to   space 2048K, 0% used [0x0000000786500000,0x0000000786500000,0x0000000786700000)
 ParOldGen       total 290304K, used 211180K [0x0000000700000000, 0x0000000711b80000, 0x0000000780000000)
  object space 290304K, 72% used [0x0000000700000000,0x000000070ce3b398,0x0000000711b80000)
 Metaspace       used 15112K, capacity 15252K, committed 15616K, reserved 1062912K
  class space    used 1737K, capacity 1750K, committed 1792K, reserved 1048576K
Event: 7.485 GC heap after
Heap after GC invocations=43 (full 0):
 PSYoungGen      total 105472K, used 128K [0x0000000780000000, 0x0000000787e80000, 0x00000007c0000000)
  eden space 103424K, 0% used [0x0000000780000000,0x0000000780000000,0x0000000786500000)
  from space 2048K, 6% used [0x0000000786500000,0x0000000786520000,0x0000000786700000)
  to   space 1536K, 0% used [0x0000000787d00000,0x0000000787d00000,0x0000000787e80000)
 ParOldGen       total 290304K, used 211180K [0x0000000700000000, 0x0000000711b80000, 0x0000000780000000)
  object space 290304K, 72% used [0x0000000700000000,0x000000070ce3b398,0x0000000711b80000)
 Metaspace       used 15112K, capacity 15252K, committed 15616K, reserved 1062912K
  class space    used 1737K, capacity 1750K, committed 1792K, reserved 1048576K
}
Event: 8.027 GC heap before
{Heap before GC invocations=44 (full 0):
 PSYoungGen      total 105472K, used 103552K [0x0000000780000000, 0x0000000787e80000, 0x00000007c0000000)
  eden space 103424K, 100% used [0x0000000780000000,0x0000000786500000,0x0000000786500000)
  from space 2048K, 6% used [0x0000000786500000,0x0000000786520000,0x0000000786700000)
  to   space 1536K, 0% used [0x0000000787d00000,0x0000000787d00000,0x0000000787e80000)
 ParOldGen       total 290304K, used 211180K [0x0000000700000000, 0x0000000711b80000, 0x0000000780000000)
  object space 290304K, 72% used [0x0000000700000000,0x000000070ce3b398,0x0000000711b80000)
 Metaspace       used 15278K, capacity 15412K, committed 15616K, reserved 1062912K
  class space    used 1755K, capacity 1782K, committed 1792K, reserved 1048576K
Event: 8.035 GC heap after
Heap after GC invocations=44 (full 0):
 PSYoungGen      total 126464K, used 1531K [0x0000000780000000, 0x0000000788180000, 0x00000007c0000000)
  eden space 124928K, 0% used [0x0000000780000000,0x0000000780000000,0x0000000787a00000)
  from space 1536K, 99% used [0x0000000787d00000,0x0000000787e7ec20,0x0000000787e80000)
  to   space 3072K, 0% used [0x0000000787a00000,0x0000000787a00000,0x0000000787d00000)
 ParOldGen       total 290304K, used 214124K [0x0000000700000000, 0x0000000711b80000, 0x0000000780000000)
  object space 290304K, 73% used [0x0000000700000000,0x000000070d11b298,0x0000000711b80000)
 Metaspace       used 15278K, capacity 15412K, committed 15616K, reserved 1062912K
  class space    used 1755K, capacity 1782K, committed 1792K, reserved 1048576K
}
Event: 8.287 GC heap before
{Heap before GC invocations=45 (full 0):
 PSYoungGen      total 126464K, used 126459K [0x0000000780000000, 0x0000000788180000, 0x00000007c0000000)
  eden space 124928K, 100% used [0x0000000780000000,0x0000000787a00000,0x0000000787a00000)
  from space 1536K, 99% used [0x0000000787d00000,0x0000000787e7ec20,0x0000000787e80000)
  to   space 3072K, 0% used [0x0000000787a00000,0x0000000787a00000,0x0000000787d00000)
 ParOldGen       total 290304K, used 214124K [0x0000000700000000, 0x0000000711b80000, 0x0000000780000000)
  object space 290304K, 73% used [0x0000000700000000,0x000000070d11b298,0x0000000711b80000)
 Metaspace       used 15278K, capacity 15412K, committed 15616K, reserved 1062912K
  class space    used 1755K, capacity 1782K, committed 1792K, reserved 1048576K
Event: 8.289 GC heap after
Heap after GC invocations=45 (full 0):
 PSYoungGen      total 128000K, used 364K [0x0000000780000000, 0x0000000789b00000, 0x00000007c0000000)
  eden space 124928K, 0% used [0x0000000780000000,0x0000000780000000,0x0000000787a00000)
  from space 3072K, 11% used [0x0000000787a00000,0x0000000787a5b148,0x0000000787d00000)
  to   space 3072K, 0% used [0x0000000789800000,0x0000000789800000,0x0000000789b00000)
 ParOldGen       total 290304K, used 215599K [0x0000000700000000, 0x0000000711b80000, 0x0000000780000000)
  object space 290304K, 74% used [0x0000000700000000,0x000000070d28bee0,0x0000000711b80000)
 Metaspace       used 15278K, capacity 15412K, committed 15616K, reserved 1062912K
  class space    used 1755K, capacity 1782K, committed 1792K, reserved 1048576K
}
Event: 8.517 GC heap before
{Heap before GC invocations=46 (full 0):
 PSYoungGen      total 128000K, used 125292K [0x0000000780000000, 0x0000000789b00000, 0x00000007c0000000)
  eden space 124928K, 100% used [0x0000000780000000,0x0000000787a00000,0x0000000787a00000)
  from space 3072K, 11% used [0x0000000787a00000,0x0000000787a5b148,0x0000000787d00000)
  to   space 3072K, 0% used [0x0000000789800000,0x0000000789800000,0x0000000789b00000)
 ParOldGen       total 290304K, used 215599K [0x0000000700000000, 0x0000000711b80000, 0x0000000780000000)
  object space 290304K, 74% used [0x0000000700000000,0x000000070d28bee0,0x0000000711b80000)
 Metaspace       used 15278K, capacity 15412K, committed 15616K, reserved 1062912K
  class space    used 1755K, capacity 1782K, committed 1792K, reserved 1048576K
Event: 8.518 GC heap after
Heap after GC invocations=46 (full 0):
 PSYoungGen      total 155648K, used 64K [0x0000000780000000, 0x0000000789b00000, 0x00000007c0000000)
  eden space 152576K, 0% used [0x0000000780000000,0x0000000780000000,0x0000000789500000)
  from space 3072K, 2% used [0x0000000789800000,0x0000000789810000,0x0000000789b00000)
  to   space 3072K, 0% used [0x0000000789500000,0x0000000789500000,0x0000000789800000)
 ParOldGen       total 290304K, used 215780K [0x0000000700000000, 0x0000000711b80000, 0x0000000780000000)
  object space 290304K, 74% used [0x0000000700000000,0x000000070d2b9028,0x0000000711b80000)
 Metaspace       used 15278K, capacity 15412K, committed 15616K, reserved 1062912K
  class space    used 1755K, capacity 1782K, committed 1792K, reserved 1048576K
}
Event: 9.198 GC heap before
{Heap before GC invocations=47 (full 0):
 PSYoungGen      total 155648K, used 152640K [0x0000000780000000, 0x0000000789b00000, 0x00000007c0000000)
  eden space 152576K, 100% used [0x0000000780000000,0x0000000789500000,0x0000000789500000)
  from space 3072K, 2% used [0x0000000789800000,0x0000000789810000,0x0000000789b00000)
  to   space 3072K, 0% used [0x0000000789500000,0x0000000789500000,0x0000000789800000)
 ParOldGen       total 290304K, used 215780K [0x0000000700000000, 0x0000000711b80000, 0x0000000780000000)
  object space 290304K, 74% used [0x0000000700000000,0x000000070d2b9028,0x0000000711b80000)
 Metaspace       used 15321K, capacity 15412K, committed 15616K, reserved 1062912K
  class space    used 1756K, capacity 1782K, committed 1792K, reserved 1048576K
Event: 9.363 GC heap after
Heap after GC invocations=47 (full 0):
 PSYoungGen      total 155648K, used 2256K [0x0000000780000000, 0x000000078bc00000, 0x00000007c0000000)
  eden space 152576K, 0% used [0x0000000780000000,0x0000000780000000,0x0000000789500000)
  from space 3072K, 73% used [0x0000000789500000,0x00000007897341c0,0x0000000789800000)
  to   space 3072K, 0% used [0x000000078b900000,0x000000078b900000,0x000000078bc00000)
 ParOldGen       total 388096K, used 316908K [0x0000000700000000, 0x0000000717b00000, 0x0000000780000000)
  object space 388096K, 81% used [0x0000000700000000,0x000000071357b048,0x0000000717b00000)
 Metaspace       used 15321K, capacity 15412K, committed 15616K, reserved 1062912K
  class space    used 1756K, capacity 1782K, committed 1792K, reserved 1048576K
}

